<?xml version="1.0" encoding="UTF-8"?>
<!-- Generated by org.testng.reporters.JUnitReportReporter -->
<testsuite skipped="0" hostname="ATMECSINLT-085" name="com.atmecs.atmecs_automation.testscripts.TestVerifyFooter" tests="1" failures="0" timestamp="17 Oct 2019 07:34:57 GMT" time="0.613" errors="0">
  <testcase name="veifyFooterData" time="0.613" classname="com.atmecs.atmecs_automation.testscripts.TestVerifyFooter"/>
</testsuite> <!-- com.atmecs.atmecs_automation.testscripts.TestVerifyFooter -->
